2026-02-27 01:21:55,833 - INFO - Starting Orchestrator (interval: 60s)
2026-02-27 01:21:55,833 - INFO - Vault: .
2026-02-27 01:21:55,834 - INFO - Starting orchestration cycle
2026-02-27 01:21:55,834 - INFO - No pending tasks to process
2026-02-27 01:21:55,836 - INFO - Dashboard updated: 0 pending, 0 awaiting approval
2026-02-27 01:21:55,836 - INFO - Orchestration cycle complete
2026-02-27 01:22:42,725 - INFO - Starting Orchestrator (interval: 60s)
2026-02-27 01:22:42,726 - INFO - Vault: .
2026-02-27 01:22:42,726 - INFO - Starting orchestration cycle
2026-02-27 01:22:42,726 - INFO - No pending tasks to process
2026-02-27 01:22:42,728 - INFO - Dashboard updated: 0 pending, 0 awaiting approval
2026-02-27 01:22:42,728 - INFO - Orchestration cycle complete
2026-02-27 01:23:42,732 - INFO - Starting orchestration cycle
2026-02-27 01:23:42,733 - INFO - No pending tasks to process
2026-02-27 01:23:42,737 - INFO - Dashboard updated: 0 pending, 0 awaiting approval
2026-02-27 01:23:42,738 - INFO - Orchestration cycle complete
2026-02-27 01:24:42,739 - INFO - Starting orchestration cycle
2026-02-27 01:24:42,741 - INFO - No pending tasks to process
2026-02-27 01:24:42,746 - INFO - Dashboard updated: 0 pending, 0 awaiting approval
2026-02-27 01:24:42,746 - INFO - Orchestration cycle complete
2026-02-27 01:25:42,747 - INFO - Starting orchestration cycle
2026-02-27 01:25:42,748 - INFO - Found 1 pending task(s)
2026-02-27 01:25:42,750 - INFO - Created processing plan: PLAN_batch_20260227_012542.md
2026-02-27 01:25:42,754 - INFO - Dashboard updated: 1 pending, 0 awaiting approval
2026-02-27 01:25:42,755 - INFO - Orchestration cycle complete
2026-02-27 01:26:42,756 - INFO - Starting orchestration cycle
2026-02-27 01:26:42,757 - INFO - Found 1 pending task(s)
2026-02-27 01:26:42,766 - INFO - Created processing plan: PLAN_batch_20260227_012642.md
2026-02-27 01:26:42,771 - INFO - Dashboard updated: 1 pending, 0 awaiting approval
2026-02-27 01:26:42,772 - INFO - Orchestration cycle complete
2026-02-27 01:27:42,775 - INFO - Starting orchestration cycle
2026-02-27 01:27:42,777 - INFO - Found 1 pending task(s)
2026-02-27 01:27:42,785 - INFO - Created processing plan: PLAN_batch_20260227_012742.md
2026-02-27 01:27:42,793 - INFO - Dashboard updated: 1 pending, 0 awaiting approval
2026-02-27 01:27:42,794 - INFO - Orchestration cycle complete
2026-02-27 01:28:42,796 - INFO - Starting orchestration cycle
2026-02-27 01:28:42,797 - INFO - Found 1 pending task(s)
2026-02-27 01:28:42,800 - INFO - Created processing plan: PLAN_batch_20260227_012842.md
2026-02-27 01:28:42,803 - INFO - Dashboard updated: 1 pending, 0 awaiting approval
2026-02-27 01:28:42,809 - INFO - Orchestration cycle complete
2026-02-27 01:29:42,811 - INFO - Starting orchestration cycle
2026-02-27 01:29:42,813 - INFO - Found 1 pending task(s)
2026-02-27 01:29:42,824 - INFO - Created processing plan: PLAN_batch_20260227_012942.md
2026-02-27 01:29:42,835 - INFO - Dashboard updated: 1 pending, 0 awaiting approval
2026-02-27 01:29:42,836 - INFO - Orchestration cycle complete
2026-02-27 01:30:35,411 - INFO - Starting orchestration cycle
2026-02-27 01:30:35,412 - INFO - Found 1 pending task(s)
2026-02-27 01:30:35,417 - INFO - Created processing plan: PLAN_batch_20260227_013035.md
2026-02-27 01:30:35,419 - INFO - Dashboard updated: 1 pending, 0 awaiting approval
2026-02-27 01:30:35,419 - INFO - Orchestration cycle complete
2026-02-27 01:30:42,840 - INFO - Starting orchestration cycle
2026-02-27 01:30:42,841 - INFO - Found 1 pending task(s)
2026-02-27 01:30:42,843 - INFO - Created processing plan: PLAN_batch_20260227_013042.md
2026-02-27 01:30:42,846 - INFO - Dashboard updated: 1 pending, 0 awaiting approval
2026-02-27 01:30:42,847 - INFO - Orchestration cycle complete
2026-02-27 01:31:29,108 - INFO - Starting orchestration cycle
2026-02-27 01:31:29,108 - INFO - Found 1 pending task(s)
2026-02-27 01:31:29,109 - INFO - Created processing plan: PLAN_batch_20260227_013129.md
2026-02-27 01:31:29,112 - INFO - Dashboard updated: 1 pending, 0 awaiting approval
2026-02-27 01:31:29,112 - INFO - Orchestration cycle complete
2026-02-27 01:31:46,058 - INFO - Starting Orchestrator (interval: 60s)
2026-02-27 01:31:46,059 - INFO - Vault: .
2026-02-27 01:31:46,059 - INFO - Starting orchestration cycle
2026-02-27 01:31:46,059 - INFO - Found 1 pending task(s)
2026-02-27 01:31:46,063 - INFO - Created processing plan: PLAN_batch_20260227_013146.md
2026-02-27 01:31:46,065 - INFO - Dashboard updated: 1 pending, 0 awaiting approval
2026-02-27 01:31:46,066 - INFO - Orchestration cycle complete
2026-02-27 01:32:46,089 - INFO - Starting orchestration cycle
2026-02-27 01:32:46,099 - INFO - Found 1 pending task(s)
2026-02-27 01:32:46,107 - INFO - Created processing plan: PLAN_batch_20260227_013246.md
2026-02-27 01:32:46,178 - INFO - Dashboard updated: 1 pending, 0 awaiting approval
2026-02-27 01:32:46,239 - INFO - Orchestration cycle complete
2026-02-27 01:33:46,286 - INFO - Starting orchestration cycle
2026-02-27 01:33:46,302 - INFO - Found 1 pending task(s)
2026-02-27 01:33:46,315 - INFO - Created processing plan: PLAN_batch_20260227_013346.md
2026-02-27 01:33:46,319 - INFO - Dashboard updated: 1 pending, 0 awaiting approval
2026-02-27 01:33:46,320 - INFO - Orchestration cycle complete
2026-02-27 01:34:46,321 - INFO - Starting orchestration cycle
2026-02-27 01:34:46,322 - INFO - Found 1 pending task(s)
2026-02-27 01:34:46,324 - INFO - Created processing plan: PLAN_batch_20260227_013446.md
2026-02-27 01:34:46,334 - INFO - Dashboard updated: 1 pending, 0 awaiting approval
2026-02-27 01:34:46,335 - INFO - Orchestration cycle complete
2026-02-27 01:35:46,338 - INFO - Starting orchestration cycle
2026-02-27 01:35:46,341 - INFO - Found 1 pending task(s)
2026-02-27 01:35:46,348 - INFO - Created processing plan: PLAN_batch_20260227_013546.md
2026-02-27 01:35:46,358 - INFO - Dashboard updated: 1 pending, 0 awaiting approval
2026-02-27 01:35:46,360 - INFO - Orchestration cycle complete
2026-02-27 01:36:46,365 - INFO - Starting orchestration cycle
2026-02-27 01:36:46,366 - INFO - Found 1 pending task(s)
2026-02-27 01:36:46,372 - INFO - Created processing plan: PLAN_batch_20260227_013646.md
2026-02-27 01:36:46,379 - INFO - Dashboard updated: 1 pending, 0 awaiting approval
2026-02-27 01:36:46,380 - INFO - Orchestration cycle complete
2026-02-27 01:37:46,390 - INFO - Starting orchestration cycle
2026-02-27 01:37:46,391 - INFO - Found 1 pending task(s)
2026-02-27 01:37:46,400 - INFO - Created processing plan: PLAN_batch_20260227_013746.md
2026-02-27 01:37:46,406 - INFO - Dashboard updated: 1 pending, 0 awaiting approval
2026-02-27 01:37:46,407 - INFO - Orchestration cycle complete
2026-02-27 01:38:46,408 - INFO - Starting orchestration cycle
2026-02-27 01:38:46,409 - INFO - Found 1 pending task(s)
2026-02-27 01:38:46,414 - INFO - Created processing plan: PLAN_batch_20260227_013846.md
2026-02-27 01:38:46,422 - INFO - Dashboard updated: 1 pending, 0 awaiting approval
2026-02-27 01:38:46,423 - INFO - Orchestration cycle complete
2026-02-27 01:39:46,430 - INFO - Starting orchestration cycle
2026-02-27 01:39:46,431 - INFO - Found 1 pending task(s)
2026-02-27 01:39:46,436 - INFO - Created processing plan: PLAN_batch_20260227_013946.md
2026-02-27 01:39:46,447 - INFO - Dashboard updated: 1 pending, 0 awaiting approval
2026-02-27 01:39:46,448 - INFO - Orchestration cycle complete
